running egg_info
creating ../../build/dora/dora.egg-info
writing ../../build/dora/dora.egg-info/PKG-INFO
writing dependency_links to ../../build/dora/dora.egg-info/dependency_links.txt
writing entry points to ../../build/dora/dora.egg-info/entry_points.txt
writing requirements to ../../build/dora/dora.egg-info/requires.txt
writing top-level names to ../../build/dora/dora.egg-info/top_level.txt
writing manifest file '../../build/dora/dora.egg-info/SOURCES.txt'
reading manifest file '../../build/dora/dora.egg-info/SOURCES.txt'
adding license file 'LICENSE'
writing manifest file '../../build/dora/dora.egg-info/SOURCES.txt'
running build
running build_py
creating /home/jacob/Desktop/dora_ws/build/dora/build
creating /home/jacob/Desktop/dora_ws/build/dora/build/lib
creating /home/jacob/Desktop/dora_ws/build/dora/build/lib/dora
copying dora/__init__.py -> /home/jacob/Desktop/dora_ws/build/dora/build/lib/dora
copying dora/simulator.py -> /home/jacob/Desktop/dora_ws/build/dora/build/lib/dora
running install
/usr/lib/python3/dist-packages/setuptools/command/install.py:34: SetuptoolsDeprecationWarning: setup.py install is deprecated. Use build and pip and other standards-based tools.
  warnings.warn(
running install_lib
creating /home/jacob/Desktop/dora_ws/install/dora/lib/python3.10/site-packages/dora
copying /home/jacob/Desktop/dora_ws/build/dora/build/lib/dora/__init__.py -> /home/jacob/Desktop/dora_ws/install/dora/lib/python3.10/site-packages/dora
copying /home/jacob/Desktop/dora_ws/build/dora/build/lib/dora/simulator.py -> /home/jacob/Desktop/dora_ws/install/dora/lib/python3.10/site-packages/dora
byte-compiling /home/jacob/Desktop/dora_ws/install/dora/lib/python3.10/site-packages/dora/__init__.py to __init__.cpython-310.pyc
byte-compiling /home/jacob/Desktop/dora_ws/install/dora/lib/python3.10/site-packages/dora/simulator.py to simulator.cpython-310.pyc
running install_data
creating /home/jacob/Desktop/dora_ws/install/dora/share/ament_index
creating /home/jacob/Desktop/dora_ws/install/dora/share/ament_index/resource_index
creating /home/jacob/Desktop/dora_ws/install/dora/share/ament_index/resource_index/packages
copying resource/dora -> /home/jacob/Desktop/dora_ws/install/dora/share/ament_index/resource_index/packages
copying package.xml -> /home/jacob/Desktop/dora_ws/install/dora/share/dora
running install_egg_info
Copying ../../build/dora/dora.egg-info to /home/jacob/Desktop/dora_ws/install/dora/lib/python3.10/site-packages/dora-0.0.0-py3.10.egg-info
running install_scripts
writing list of installed files to '/home/jacob/Desktop/dora_ws/build/dora/install.log'
