[0.454s] Invoking command in '/home/jacob/Desktop/dora_ws/src/dora': PYTHONPATH=/home/jacob/Desktop/dora_ws/build/dora/prefix_override:/home/jacob/Desktop/dora_ws/install/dora/lib/python3.10/site-packages:${PYTHONPATH} /usr/bin/python3 setup.py egg_info --egg-base ../../build/dora build --build-base /home/jacob/Desktop/dora_ws/build/dora/build install --record /home/jacob/Desktop/dora_ws/build/dora/install.log --single-version-externally-managed
[0.572s] running egg_info
[0.572s] creating ../../build/dora/dora.egg-info
[0.573s] writing ../../build/dora/dora.egg-info/PKG-INFO
[0.573s] writing dependency_links to ../../build/dora/dora.egg-info/dependency_links.txt
[0.573s] writing entry points to ../../build/dora/dora.egg-info/entry_points.txt
[0.573s] writing requirements to ../../build/dora/dora.egg-info/requires.txt
[0.573s] writing top-level names to ../../build/dora/dora.egg-info/top_level.txt
[0.573s] writing manifest file '../../build/dora/dora.egg-info/SOURCES.txt'
[0.574s] reading manifest file '../../build/dora/dora.egg-info/SOURCES.txt'
[0.574s] adding license file 'LICENSE'
[0.575s] writing manifest file '../../build/dora/dora.egg-info/SOURCES.txt'
[0.575s] running build
[0.575s] running build_py
[0.575s] creating /home/jacob/Desktop/dora_ws/build/dora/build
[0.575s] creating /home/jacob/Desktop/dora_ws/build/dora/build/lib
[0.575s] creating /home/jacob/Desktop/dora_ws/build/dora/build/lib/dora
[0.575s] copying dora/__init__.py -> /home/jacob/Desktop/dora_ws/build/dora/build/lib/dora
[0.575s] copying dora/simulator.py -> /home/jacob/Desktop/dora_ws/build/dora/build/lib/dora
[0.575s] running install
[0.576s] /usr/lib/python3/dist-packages/setuptools/command/install.py:34: SetuptoolsDeprecationWarning: setup.py install is deprecated. Use build and pip and other standards-based tools.
[0.576s]   warnings.warn(
[0.576s] running install_lib
[0.576s] creating /home/jacob/Desktop/dora_ws/install/dora/lib/python3.10/site-packages/dora
[0.577s] copying /home/jacob/Desktop/dora_ws/build/dora/build/lib/dora/__init__.py -> /home/jacob/Desktop/dora_ws/install/dora/lib/python3.10/site-packages/dora
[0.577s] copying /home/jacob/Desktop/dora_ws/build/dora/build/lib/dora/simulator.py -> /home/jacob/Desktop/dora_ws/install/dora/lib/python3.10/site-packages/dora
[0.577s] byte-compiling /home/jacob/Desktop/dora_ws/install/dora/lib/python3.10/site-packages/dora/__init__.py to __init__.cpython-310.pyc
[0.577s] byte-compiling /home/jacob/Desktop/dora_ws/install/dora/lib/python3.10/site-packages/dora/simulator.py to simulator.cpython-310.pyc
[0.578s] running install_data
[0.579s] creating /home/jacob/Desktop/dora_ws/install/dora/share/ament_index
[0.579s] creating /home/jacob/Desktop/dora_ws/install/dora/share/ament_index/resource_index
[0.579s] creating /home/jacob/Desktop/dora_ws/install/dora/share/ament_index/resource_index/packages
[0.579s] copying resource/dora -> /home/jacob/Desktop/dora_ws/install/dora/share/ament_index/resource_index/packages
[0.579s] copying package.xml -> /home/jacob/Desktop/dora_ws/install/dora/share/dora
[0.579s] running install_egg_info
[0.580s] Copying ../../build/dora/dora.egg-info to /home/jacob/Desktop/dora_ws/install/dora/lib/python3.10/site-packages/dora-0.0.0-py3.10.egg-info
[0.580s] running install_scripts
[0.593s] writing list of installed files to '/home/jacob/Desktop/dora_ws/build/dora/install.log'
[0.605s] Invoked command in '/home/jacob/Desktop/dora_ws/src/dora' returned '0': PYTHONPATH=/home/jacob/Desktop/dora_ws/build/dora/prefix_override:/home/jacob/Desktop/dora_ws/install/dora/lib/python3.10/site-packages:${PYTHONPATH} /usr/bin/python3 setup.py egg_info --egg-base ../../build/dora build --build-base /home/jacob/Desktop/dora_ws/build/dora/build install --record /home/jacob/Desktop/dora_ws/build/dora/install.log --single-version-externally-managed
