/home/jacob/Desktop/DORA/install/dora/lib/python3.10/site-packages/dora/__init__.py
/home/jacob/Desktop/DORA/install/dora/lib/python3.10/site-packages/dora/dora.py
/home/jacob/Desktop/DORA/install/dora/lib/python3.10/site-packages/dora/simulator.py
/home/jacob/Desktop/DORA/install/dora/lib/python3.10/site-packages/dora/routing.py
/home/jacob/Desktop/DORA/install/dora/lib/python3.10/site-packages/dora/interface.py
/home/jacob/Desktop/DORA/install/dora/lib/python3.10/site-packages/dora/recognition.py
/home/jacob/Desktop/DORA/install/dora/lib/python3.10/site-packages/dora/__pycache__/__init__.cpython-310.pyc
/home/jacob/Desktop/DORA/install/dora/lib/python3.10/site-packages/dora/__pycache__/dora.cpython-310.pyc
/home/jacob/Desktop/DORA/install/dora/lib/python3.10/site-packages/dora/__pycache__/simulator.cpython-310.pyc
/home/jacob/Desktop/DORA/install/dora/lib/python3.10/site-packages/dora/__pycache__/routing.cpython-310.pyc
/home/jacob/Desktop/DORA/install/dora/lib/python3.10/site-packages/dora/__pycache__/interface.cpython-310.pyc
/home/jacob/Desktop/DORA/install/dora/lib/python3.10/site-packages/dora/__pycache__/recognition.cpython-310.pyc
/home/jacob/Desktop/DORA/install/dora/share/ament_index/resource_index/packages/dora
/home/jacob/Desktop/DORA/install/dora/share/dora/package.xml
/home/jacob/Desktop/DORA/install/dora/lib/python3.10/site-packages/dora-0.0.0-py3.10.egg-info/SOURCES.txt
/home/jacob/Desktop/DORA/install/dora/lib/python3.10/site-packages/dora-0.0.0-py3.10.egg-info/top_level.txt
/home/jacob/Desktop/DORA/install/dora/lib/python3.10/site-packages/dora-0.0.0-py3.10.egg-info/dependency_links.txt
/home/jacob/Desktop/DORA/install/dora/lib/python3.10/site-packages/dora-0.0.0-py3.10.egg-info/PKG-INFO
/home/jacob/Desktop/DORA/install/dora/lib/python3.10/site-packages/dora-0.0.0-py3.10.egg-info/zip-safe
/home/jacob/Desktop/DORA/install/dora/lib/python3.10/site-packages/dora-0.0.0-py3.10.egg-info/entry_points.txt
/home/jacob/Desktop/DORA/install/dora/lib/python3.10/site-packages/dora-0.0.0-py3.10.egg-info/requires.txt
