/home/jacob/Desktop/DORA/install/object_detection/lib/python3.10/site-packages/object_detection/train.py
/home/jacob/Desktop/DORA/install/object_detection/lib/python3.10/site-packages/object_detection/__init__.py
/home/jacob/Desktop/DORA/install/object_detection/lib/python3.10/site-packages/object_detection/demo.py
/home/jacob/Desktop/DORA/install/object_detection/lib/python3.10/site-packages/object_detection/sample.py
/home/jacob/Desktop/DORA/install/object_detection/lib/python3.10/site-packages/object_detection/ndjson2json.py
/home/jacob/Desktop/DORA/install/object_detection/lib/python3.10/site-packages/object_detection/detect.py
/home/jacob/Desktop/DORA/install/object_detection/lib/python3.10/site-packages/object_detection/__pycache__/train.cpython-310.pyc
/home/jacob/Desktop/DORA/install/object_detection/lib/python3.10/site-packages/object_detection/__pycache__/__init__.cpython-310.pyc
/home/jacob/Desktop/DORA/install/object_detection/lib/python3.10/site-packages/object_detection/__pycache__/demo.cpython-310.pyc
/home/jacob/Desktop/DORA/install/object_detection/lib/python3.10/site-packages/object_detection/__pycache__/sample.cpython-310.pyc
/home/jacob/Desktop/DORA/install/object_detection/lib/python3.10/site-packages/object_detection/__pycache__/ndjson2json.cpython-310.pyc
/home/jacob/Desktop/DORA/install/object_detection/lib/python3.10/site-packages/object_detection/__pycache__/detect.cpython-310.pyc
/home/jacob/Desktop/DORA/install/object_detection/share/ament_index/resource_index/packages/object_detection
/home/jacob/Desktop/DORA/install/object_detection/share/object_detection/package.xml
/home/jacob/Desktop/DORA/install/object_detection/lib/python3.10/site-packages/object_detection-0.0.0-py3.10.egg-info/zip-safe
/home/jacob/Desktop/DORA/install/object_detection/lib/python3.10/site-packages/object_detection-0.0.0-py3.10.egg-info/requires.txt
/home/jacob/Desktop/DORA/install/object_detection/lib/python3.10/site-packages/object_detection-0.0.0-py3.10.egg-info/dependency_links.txt
/home/jacob/Desktop/DORA/install/object_detection/lib/python3.10/site-packages/object_detection-0.0.0-py3.10.egg-info/top_level.txt
/home/jacob/Desktop/DORA/install/object_detection/lib/python3.10/site-packages/object_detection-0.0.0-py3.10.egg-info/PKG-INFO
/home/jacob/Desktop/DORA/install/object_detection/lib/python3.10/site-packages/object_detection-0.0.0-py3.10.egg-info/SOURCES.txt
