running egg_info
writing ../../build/dora/dora.egg-info/PKG-INFO
writing dependency_links to ../../build/dora/dora.egg-info/dependency_links.txt
writing entry points to ../../build/dora/dora.egg-info/entry_points.txt
writing requirements to ../../build/dora/dora.egg-info/requires.txt
writing top-level names to ../../build/dora/dora.egg-info/top_level.txt
reading manifest file '../../build/dora/dora.egg-info/SOURCES.txt'
adding license file 'LICENSE'
writing manifest file '../../build/dora/dora.egg-info/SOURCES.txt'
running build
running build_py
copying dora/simulator.py -> /home/jacob/Desktop/dora_ws/build/dora/build/lib/dora
running install
running install_lib
copying /home/jacob/Desktop/dora_ws/build/dora/build/lib/dora/simulator.py -> /home/jacob/Desktop/dora_ws/install/dora/lib/python3.10/site-packages/dora
byte-compiling /home/jacob/Desktop/dora_ws/install/dora/lib/python3.10/site-packages/dora/simulator.py to simulator.cpython-310.pyc
running install_data
running install_egg_info
removing '/home/jacob/Desktop/dora_ws/install/dora/lib/python3.10/site-packages/dora-0.0.0-py3.10.egg-info' (and everything under it)
Copying ../../build/dora/dora.egg-info to /home/jacob/Desktop/dora_ws/install/dora/lib/python3.10/site-packages/dora-0.0.0-py3.10.egg-info
running install_scripts
writing list of installed files to '/home/jacob/Desktop/dora_ws/build/dora/install.log'
