/home/jacob/Desktop/DORA/install/sensors/lib/python3.10/site-packages/sensors/lds_node.py
/home/jacob/Desktop/DORA/install/sensors/lib/python3.10/site-packages/sensors/__init__.py
/home/jacob/Desktop/DORA/install/sensors/lib/python3.10/site-packages/sensors/camera_node.py
/home/jacob/Desktop/DORA/install/sensors/lib/python3.10/site-packages/sensors/gps_node.py
/home/jacob/Desktop/DORA/install/sensors/lib/python3.10/site-packages/sensors/__pycache__/lds_node.cpython-310.pyc
/home/jacob/Desktop/DORA/install/sensors/lib/python3.10/site-packages/sensors/__pycache__/__init__.cpython-310.pyc
/home/jacob/Desktop/DORA/install/sensors/lib/python3.10/site-packages/sensors/__pycache__/camera_node.cpython-310.pyc
/home/jacob/Desktop/DORA/install/sensors/lib/python3.10/site-packages/sensors/__pycache__/gps_node.cpython-310.pyc
/home/jacob/Desktop/DORA/install/sensors/share/ament_index/resource_index/packages/sensors
/home/jacob/Desktop/DORA/install/sensors/share/sensors/package.xml
/home/jacob/Desktop/DORA/install/sensors/lib/python3.10/site-packages/sensors-0.0.0-py3.10.egg-info/entry_points.txt
/home/jacob/Desktop/DORA/install/sensors/lib/python3.10/site-packages/sensors-0.0.0-py3.10.egg-info/zip-safe
/home/jacob/Desktop/DORA/install/sensors/lib/python3.10/site-packages/sensors-0.0.0-py3.10.egg-info/requires.txt
/home/jacob/Desktop/DORA/install/sensors/lib/python3.10/site-packages/sensors-0.0.0-py3.10.egg-info/dependency_links.txt
/home/jacob/Desktop/DORA/install/sensors/lib/python3.10/site-packages/sensors-0.0.0-py3.10.egg-info/top_level.txt
/home/jacob/Desktop/DORA/install/sensors/lib/python3.10/site-packages/sensors-0.0.0-py3.10.egg-info/PKG-INFO
/home/jacob/Desktop/DORA/install/sensors/lib/python3.10/site-packages/sensors-0.0.0-py3.10.egg-info/SOURCES.txt
/home/jacob/Desktop/DORA/install/sensors/lib/sensors/camera_node
/home/jacob/Desktop/DORA/install/sensors/lib/sensors/gps_node
/home/jacob/Desktop/DORA/install/sensors/lib/sensors/lds_node
