/home/jacob/Desktop/DORA/install/depth_estimation/lib/python3.10/site-packages/depth_estimation/__init__.py
/home/jacob/Desktop/DORA/install/depth_estimation/lib/python3.10/site-packages/depth_estimation/utils.py
/home/jacob/Desktop/DORA/install/depth_estimation/lib/python3.10/site-packages/depth_estimation/estimator.py
/home/jacob/Desktop/DORA/install/depth_estimation/lib/python3.10/site-packages/depth_estimation/midas/__init__.py
/home/jacob/Desktop/DORA/install/depth_estimation/lib/python3.10/site-packages/depth_estimation/midas/base_model.py
/home/jacob/Desktop/DORA/install/depth_estimation/lib/python3.10/site-packages/depth_estimation/midas/transforms.py
/home/jacob/Desktop/DORA/install/depth_estimation/lib/python3.10/site-packages/depth_estimation/midas/dpt_depth.py
/home/jacob/Desktop/DORA/install/depth_estimation/lib/python3.10/site-packages/depth_estimation/midas/model_loader.py
/home/jacob/Desktop/DORA/install/depth_estimation/lib/python3.10/site-packages/depth_estimation/midas/blocks.py
/home/jacob/Desktop/DORA/install/depth_estimation/lib/python3.10/site-packages/depth_estimation/midas/midas_net.py
/home/jacob/Desktop/DORA/install/depth_estimation/lib/python3.10/site-packages/depth_estimation/midas/midas_net_custom.py
/home/jacob/Desktop/DORA/install/depth_estimation/lib/python3.10/site-packages/depth_estimation/midas/backbones/swin.py
/home/jacob/Desktop/DORA/install/depth_estimation/lib/python3.10/site-packages/depth_estimation/midas/backbones/__init__.py
/home/jacob/Desktop/DORA/install/depth_estimation/lib/python3.10/site-packages/depth_estimation/midas/backbones/vit.py
/home/jacob/Desktop/DORA/install/depth_estimation/lib/python3.10/site-packages/depth_estimation/midas/backbones/utils.py
/home/jacob/Desktop/DORA/install/depth_estimation/lib/python3.10/site-packages/depth_estimation/midas/backbones/next_vit.py
/home/jacob/Desktop/DORA/install/depth_estimation/lib/python3.10/site-packages/depth_estimation/midas/backbones/levit.py
/home/jacob/Desktop/DORA/install/depth_estimation/lib/python3.10/site-packages/depth_estimation/midas/backbones/swin2.py
/home/jacob/Desktop/DORA/install/depth_estimation/lib/python3.10/site-packages/depth_estimation/midas/backbones/beit.py
/home/jacob/Desktop/DORA/install/depth_estimation/lib/python3.10/site-packages/depth_estimation/midas/backbones/swin_common.py
/home/jacob/Desktop/DORA/install/depth_estimation/lib/python3.10/site-packages/depth_estimation/__pycache__/__init__.cpython-310.pyc
/home/jacob/Desktop/DORA/install/depth_estimation/lib/python3.10/site-packages/depth_estimation/__pycache__/utils.cpython-310.pyc
/home/jacob/Desktop/DORA/install/depth_estimation/lib/python3.10/site-packages/depth_estimation/__pycache__/estimator.cpython-310.pyc
/home/jacob/Desktop/DORA/install/depth_estimation/lib/python3.10/site-packages/depth_estimation/midas/__pycache__/__init__.cpython-310.pyc
/home/jacob/Desktop/DORA/install/depth_estimation/lib/python3.10/site-packages/depth_estimation/midas/__pycache__/base_model.cpython-310.pyc
/home/jacob/Desktop/DORA/install/depth_estimation/lib/python3.10/site-packages/depth_estimation/midas/__pycache__/transforms.cpython-310.pyc
/home/jacob/Desktop/DORA/install/depth_estimation/lib/python3.10/site-packages/depth_estimation/midas/__pycache__/dpt_depth.cpython-310.pyc
/home/jacob/Desktop/DORA/install/depth_estimation/lib/python3.10/site-packages/depth_estimation/midas/__pycache__/model_loader.cpython-310.pyc
/home/jacob/Desktop/DORA/install/depth_estimation/lib/python3.10/site-packages/depth_estimation/midas/__pycache__/blocks.cpython-310.pyc
/home/jacob/Desktop/DORA/install/depth_estimation/lib/python3.10/site-packages/depth_estimation/midas/__pycache__/midas_net.cpython-310.pyc
/home/jacob/Desktop/DORA/install/depth_estimation/lib/python3.10/site-packages/depth_estimation/midas/__pycache__/midas_net_custom.cpython-310.pyc
/home/jacob/Desktop/DORA/install/depth_estimation/lib/python3.10/site-packages/depth_estimation/midas/backbones/__pycache__/swin.cpython-310.pyc
/home/jacob/Desktop/DORA/install/depth_estimation/lib/python3.10/site-packages/depth_estimation/midas/backbones/__pycache__/__init__.cpython-310.pyc
/home/jacob/Desktop/DORA/install/depth_estimation/lib/python3.10/site-packages/depth_estimation/midas/backbones/__pycache__/vit.cpython-310.pyc
/home/jacob/Desktop/DORA/install/depth_estimation/lib/python3.10/site-packages/depth_estimation/midas/backbones/__pycache__/utils.cpython-310.pyc
/home/jacob/Desktop/DORA/install/depth_estimation/lib/python3.10/site-packages/depth_estimation/midas/backbones/__pycache__/next_vit.cpython-310.pyc
/home/jacob/Desktop/DORA/install/depth_estimation/lib/python3.10/site-packages/depth_estimation/midas/backbones/__pycache__/levit.cpython-310.pyc
/home/jacob/Desktop/DORA/install/depth_estimation/lib/python3.10/site-packages/depth_estimation/midas/backbones/__pycache__/swin2.cpython-310.pyc
/home/jacob/Desktop/DORA/install/depth_estimation/lib/python3.10/site-packages/depth_estimation/midas/backbones/__pycache__/beit.cpython-310.pyc
/home/jacob/Desktop/DORA/install/depth_estimation/lib/python3.10/site-packages/depth_estimation/midas/backbones/__pycache__/swin_common.cpython-310.pyc
/home/jacob/Desktop/DORA/install/depth_estimation/share/ament_index/resource_index/packages/depth_estimation
/home/jacob/Desktop/DORA/install/depth_estimation/share/depth_estimation/package.xml
/home/jacob/Desktop/DORA/install/depth_estimation/lib/python3.10/site-packages/depth_estimation-0.0.0-py3.10.egg-info/zip-safe
/home/jacob/Desktop/DORA/install/depth_estimation/lib/python3.10/site-packages/depth_estimation-0.0.0-py3.10.egg-info/requires.txt
/home/jacob/Desktop/DORA/install/depth_estimation/lib/python3.10/site-packages/depth_estimation-0.0.0-py3.10.egg-info/dependency_links.txt
/home/jacob/Desktop/DORA/install/depth_estimation/lib/python3.10/site-packages/depth_estimation-0.0.0-py3.10.egg-info/top_level.txt
/home/jacob/Desktop/DORA/install/depth_estimation/lib/python3.10/site-packages/depth_estimation-0.0.0-py3.10.egg-info/PKG-INFO
/home/jacob/Desktop/DORA/install/depth_estimation/lib/python3.10/site-packages/depth_estimation-0.0.0-py3.10.egg-info/SOURCES.txt
