/home/jacob/Desktop/DORA/install/control/lib/python3.10/site-packages/control/__init__.py
/home/jacob/Desktop/DORA/install/control/lib/python3.10/site-packages/control/job.py
/home/jacob/Desktop/DORA/install/control/lib/python3.10/site-packages/control/point_cloud.py
/home/jacob/Desktop/DORA/install/control/lib/python3.10/site-packages/control/controller.py
/home/jacob/Desktop/DORA/install/control/lib/python3.10/site-packages/control/occupancy_map.py
/home/jacob/Desktop/DORA/install/control/lib/python3.10/site-packages/control/router.py
/home/jacob/Desktop/DORA/install/control/lib/python3.10/site-packages/control/__pycache__/__init__.cpython-310.pyc
/home/jacob/Desktop/DORA/install/control/lib/python3.10/site-packages/control/__pycache__/job.cpython-310.pyc
/home/jacob/Desktop/DORA/install/control/lib/python3.10/site-packages/control/__pycache__/point_cloud.cpython-310.pyc
/home/jacob/Desktop/DORA/install/control/lib/python3.10/site-packages/control/__pycache__/controller.cpython-310.pyc
/home/jacob/Desktop/DORA/install/control/lib/python3.10/site-packages/control/__pycache__/occupancy_map.cpython-310.pyc
/home/jacob/Desktop/DORA/install/control/lib/python3.10/site-packages/control/__pycache__/router.cpython-310.pyc
/home/jacob/Desktop/DORA/install/control/share/ament_index/resource_index/packages/control
/home/jacob/Desktop/DORA/install/control/share/control/package.xml
/home/jacob/Desktop/DORA/install/control/lib/python3.10/site-packages/control-0.0.0-py3.10.egg-info/entry_points.txt
/home/jacob/Desktop/DORA/install/control/lib/python3.10/site-packages/control-0.0.0-py3.10.egg-info/zip-safe
/home/jacob/Desktop/DORA/install/control/lib/python3.10/site-packages/control-0.0.0-py3.10.egg-info/requires.txt
/home/jacob/Desktop/DORA/install/control/lib/python3.10/site-packages/control-0.0.0-py3.10.egg-info/dependency_links.txt
/home/jacob/Desktop/DORA/install/control/lib/python3.10/site-packages/control-0.0.0-py3.10.egg-info/top_level.txt
/home/jacob/Desktop/DORA/install/control/lib/python3.10/site-packages/control-0.0.0-py3.10.egg-info/PKG-INFO
/home/jacob/Desktop/DORA/install/control/lib/python3.10/site-packages/control-0.0.0-py3.10.egg-info/SOURCES.txt
/home/jacob/Desktop/DORA/install/control/lib/control/controller
